2012/06/18 10:29:28 にビルドを開始しました。
     1>ノード 2 上のプロジェクト "C:\Documents and Settings\ymaeda\My Documents\Visual Studio 2010\Projects\c_zemi_3d\c_zemi_3d\c_zemi_3d.vcxproj" (rebuild ターゲット)。
     1>_PrepareForClean:
         ファイル "Release\c_zemi_3d.lastbuildstate" を削除しています。
       InitializeBuildStatus:
         "AlwaysCreate" が指定されたため "Release\c_zemi_3d.unsuccessfulbuild" を作成しています。
       ClCompile:
         c:\Program Files\Microsoft Visual Studio 10.0\VC\bin\CL.exe /c /Zi /nologo /W3 /WX- /O2 /Oi /Oy- /GL /D _MBCS /Gm- /EHsc /MT /GS /Gy /fp:precise /Zc:wchar_t /Zc:forScope /Fo"Release\\" /Fd"Release\vc100.pdb" /Gd /TP /analyze- /errorReport:prompt building.cpp enemy.cpp enemy_net.cpp list.cpp main.cpp managiment.cpp model.cpp net_trans.cpp net_udp.cpp player.cpp read_init.cpp
         building.cpp
         enemy.cpp
         enemy_net.cpp
         list.cpp
         main.cpp
         managiment.cpp
         model.cpp
         net_trans.cpp
         net_udp.cpp
         player.cpp
         read_init.cpp
       Link:
         c:\Program Files\Microsoft Visual Studio 10.0\VC\bin\link.exe /ERRORREPORT:PROMPT /OUT:"C:\Documents and Settings\ymaeda\My Documents\Visual Studio 2010\Projects\c_zemi_3d\Release\c_zemi_3d.exe" /NOLOGO ws2_32.lib kernel32.lib user32.lib gdi32.lib winspool.lib comdlg32.lib advapi32.lib shell32.lib ole32.lib oleaut32.lib uuid.lib odbc32.lib odbccp32.lib /MANIFEST /ManifestFile:"Release\c_zemi_3d.exe.intermediate.manifest" /MANIFESTUAC:"level='asInvoker' uiAccess='false'" /DEBUG /PDB:"C:\Documents and Settings\ymaeda\My Documents\Visual Studio 2010\Projects\c_zemi_3d\Release\c_zemi_3d.pdb" /OPT:REF /OPT:ICF /LTCG /TLBID:1 /DYNAMICBASE /NXCOMPAT /IMPLIB:"C:\Documents and Settings\ymaeda\My Documents\Visual Studio 2010\Projects\c_zemi_3d\Release\c_zemi_3d.lib" /MACHINE:X86 Release\building.obj
         Release\enemy.obj
         Release\enemy_net.obj
         Release\list.obj
         Release\main.obj
         Release\managiment.obj
         Release\model.obj
         Release\net_trans.obj
         Release\net_udp.obj
         Release\player.obj
         Release\read_init.obj
         コード生成しています。
         コード生成が終了しました。
         c_zemi_3d.vcxproj -> C:\Documents and Settings\ymaeda\My Documents\Visual Studio 2010\Projects\c_zemi_3d\Release\c_zemi_3d.exe
       Manifest:
         c:\Program Files\Microsoft SDKs\Windows\v7.0A\bin\mt.exe /nologo /verbose /outputresource:"C:\Documents and Settings\ymaeda\My Documents\Visual Studio 2010\Projects\c_zemi_3d\Release\c_zemi_3d.exe;#1" /manifest Release\c_zemi_3d.exe.intermediate.manifest
       FinalizeBuildStatus:
         ファイル "Release\c_zemi_3d.unsuccessfulbuild" を削除しています。
         "Release\c_zemi_3d.lastbuildstate" のタッチ タスクを実行しています。
     1>プロジェクト "C:\Documents and Settings\ymaeda\My Documents\Visual Studio 2010\Projects\c_zemi_3d\c_zemi_3d\c_zemi_3d.vcxproj" (rebuild ターゲット) のビルドが完了しました。

ビルドに成功しました。

経過時間 00:00:07.25
