C:\DOCUMENTS AND SETTINGS\YMAEDA\MY DOCUMENTS\VISUAL STUDIO 2010\PROJECTS\C_ZEMI_3D\C_ZEMI_3D\RELEASE\BUILDING.OBJ
C:\DOCUMENTS AND SETTINGS\YMAEDA\MY DOCUMENTS\VISUAL STUDIO 2010\PROJECTS\C_ZEMI_3D\C_ZEMI_3D\RELEASE\C_ZEMI_3D.EXE.INTERMEDIATE.MANIFEST
C:\Documents and Settings\ymaeda\My Documents\Visual Studio 2010\Projects\c_zemi_3d\c_zemi_3d\Release\cl.command.1.tlog
C:\Documents and Settings\ymaeda\My Documents\Visual Studio 2010\Projects\c_zemi_3d\c_zemi_3d\Release\CL.read.1.tlog
C:\Documents and Settings\ymaeda\My Documents\Visual Studio 2010\Projects\c_zemi_3d\c_zemi_3d\Release\CL.write.1.tlog
C:\DOCUMENTS AND SETTINGS\YMAEDA\MY DOCUMENTS\VISUAL STUDIO 2010\PROJECTS\C_ZEMI_3D\C_ZEMI_3D\RELEASE\ENEMY.OBJ
C:\DOCUMENTS AND SETTINGS\YMAEDA\MY DOCUMENTS\VISUAL STUDIO 2010\PROJECTS\C_ZEMI_3D\C_ZEMI_3D\RELEASE\ENEMY_NET.OBJ
C:\Documents and Settings\ymaeda\My Documents\Visual Studio 2010\Projects\c_zemi_3d\c_zemi_3d\Release\link.command.1.tlog
C:\Documents and Settings\ymaeda\My Documents\Visual Studio 2010\Projects\c_zemi_3d\c_zemi_3d\Release\link.read.1.tlog
C:\Documents and Settings\ymaeda\My Documents\Visual Studio 2010\Projects\c_zemi_3d\c_zemi_3d\Release\link.write.1.tlog
C:\DOCUMENTS AND SETTINGS\YMAEDA\MY DOCUMENTS\VISUAL STUDIO 2010\PROJECTS\C_ZEMI_3D\C_ZEMI_3D\RELEASE\LIST.OBJ
C:\DOCUMENTS AND SETTINGS\YMAEDA\MY DOCUMENTS\VISUAL STUDIO 2010\PROJECTS\C_ZEMI_3D\C_ZEMI_3D\RELEASE\MAIN.OBJ
C:\DOCUMENTS AND SETTINGS\YMAEDA\MY DOCUMENTS\VISUAL STUDIO 2010\PROJECTS\C_ZEMI_3D\C_ZEMI_3D\RELEASE\MANAGIMENT.OBJ
C:\DOCUMENTS AND SETTINGS\YMAEDA\MY DOCUMENTS\VISUAL STUDIO 2010\PROJECTS\C_ZEMI_3D\C_ZEMI_3D\RELEASE\MODEL.OBJ
C:\Documents and Settings\ymaeda\My Documents\Visual Studio 2010\Projects\c_zemi_3d\c_zemi_3d\Release\mt.command.1.tlog
C:\Documents and Settings\ymaeda\My Documents\Visual Studio 2010\Projects\c_zemi_3d\c_zemi_3d\Release\mt.read.1.tlog
C:\Documents and Settings\ymaeda\My Documents\Visual Studio 2010\Projects\c_zemi_3d\c_zemi_3d\Release\mt.write.1.tlog
C:\DOCUMENTS AND SETTINGS\YMAEDA\MY DOCUMENTS\VISUAL STUDIO 2010\PROJECTS\C_ZEMI_3D\C_ZEMI_3D\RELEASE\NET_TRANS.OBJ
C:\DOCUMENTS AND SETTINGS\YMAEDA\MY DOCUMENTS\VISUAL STUDIO 2010\PROJECTS\C_ZEMI_3D\C_ZEMI_3D\RELEASE\NET_UDP.OBJ
C:\DOCUMENTS AND SETTINGS\YMAEDA\MY DOCUMENTS\VISUAL STUDIO 2010\PROJECTS\C_ZEMI_3D\C_ZEMI_3D\RELEASE\PLAYER.OBJ
C:\DOCUMENTS AND SETTINGS\YMAEDA\MY DOCUMENTS\VISUAL STUDIO 2010\PROJECTS\C_ZEMI_3D\C_ZEMI_3D\RELEASE\READ_INIT.OBJ
C:\DOCUMENTS AND SETTINGS\YMAEDA\MY DOCUMENTS\VISUAL STUDIO 2010\PROJECTS\C_ZEMI_3D\C_ZEMI_3D\RELEASE\VC100.PDB
C:\DOCUMENTS AND SETTINGS\YMAEDA\MY DOCUMENTS\VISUAL STUDIO 2010\PROJECTS\C_ZEMI_3D\RELEASE\C_ZEMI_3D.EXE
C:\DOCUMENTS AND SETTINGS\YMAEDA\MY DOCUMENTS\VISUAL STUDIO 2010\PROJECTS\C_ZEMI_3D\RELEASE\C_ZEMI_3D.PDB
